<?xml version="1.0" encoding="UTF-8"?>
<!-- Generated by org.testng.reporters.JUnitReportReporter -->
<testsuite hostname="DESKTOP-1KAEUVT" failures="0" tests="5" name="com.TestNG.Annotations2" time="0.026" errors="0" timestamp="2023-09-29T21:19:48 IST" skipped="1">
  <testcase classname="com.TestNG.Annotations2" name="GmailApplicationLoginTest" time="0.018"/>
  <system-out/>
  <testcase classname="com.TestNG.Annotations2" name="GmailApplicationInBoxTest" time="0.003"/>
  <system-out/>
  <testcase classname="com.TestNG.Annotations2" name="GmailApplicationComposeMailTest" time="0.004"/>
  <system-out/>
  <testcase classname="com.TestNG.Annotations2" name="GmailApplicationSentMailTest" time="0.001"/>
  <system-out/>
  <testcase classname="com.TestNG.Annotations2" name="GmailApplicationDraftsTest">
    <skipped/>
  </testcase> <!-- GmailApplicationDraftsTest -->
  <system-out/>
</testsuite> <!-- com.TestNG.Annotations2 -->
