<?xml version="1.0" encoding="UTF-8"?>
<!-- Generated by org.testng.reporters.JUnitReportReporter -->
<testsuite hostname="DESKTOP-1KAEUVT" failures="0" tests="1" name="com.WebTable.WebTable_DynamicDataHandling" time="4.316" errors="0" timestamp="2023-10-02T15:35:34 IST" skipped="0">
  <testcase classname="com.WebTable.WebTable_DynamicDataHandling" name="dynamiceWebTable" time="4.316"/>
  <system-out/>
</testsuite> <!-- com.WebTable.WebTable_DynamicDataHandling -->
