<?xml version="1.0" encoding="UTF-8"?>
<!-- Generated by org.testng.reporters.JUnitReportReporter -->
<testsuite hostname="DESKTOP-1KAEUVT" failures="0" tests="1" name="com.Xpath.Amazon_CustomerService_Click" time="8.357" errors="0" timestamp="2023-11-13T22:13:02 IST" skipped="0">
  <testcase classname="com.Xpath.Amazon_CustomerService_Click" name="customerServiceTest" time="8.357"/>
  <system-out/>
</testsuite> <!-- com.Xpath.Amazon_CustomerService_Click -->
