<?xml version="1.0" encoding="UTF-8"?>
<!-- Generated by org.testng.reporters.JUnitReportReporter -->
<testsuite hostname="DESKTOP-1KAEUVT" failures="0" tests="1" name="com.TestNGRadioButtons.RadioButtonsTesting" time="0.462" errors="0" timestamp="2023-10-03T18:40:26 IST" skipped="0">
  <testcase classname="com.TestNGRadioButtons.RadioButtonsTesting" name="group1RadioButtonsTesting" time="0.462"/>
  <system-out/>
</testsuite> <!-- com.TestNGRadioButtons.RadioButtonsTesting -->
