<?xml version="1.0" encoding="UTF-8"?>
<!-- Generated by org.testng.reporters.JUnitReportReporter -->
<testsuite hostname="DESKTOP-1KAEUVT" failures="0" tests="1" name="com.TestNGRadioButtons.RadioButtonsTestingAssignment" time="0.917" errors="0" timestamp="2023-10-03T21:12:08 IST" skipped="0">
  <testcase classname="com.TestNGRadioButtons.RadioButtonsTestingAssignment" name="groupOfRadioButtonTesting" time="0.917"/>
  <system-out/>
</testsuite> <!-- com.TestNGRadioButtons.RadioButtonsTestingAssignment -->
