<?xml version="1.0" encoding="UTF-8"?>
<!-- Generated by org.testng.reporters.JUnitReportReporter -->
<testsuite hostname="DESKTOP-1KAEUVT" failures="0" tests="1" name="com.Xpath.GmailLogInTest" time="0.345" errors="0" timestamp="2023-11-13T19:25:26 IST" skipped="0">
  <testcase classname="com.Xpath.GmailLogInTest" name="gmailLoginTest" time="0.345"/>
  <system-out/>
</testsuite> <!-- com.Xpath.GmailLogInTest -->
