<?xml version="1.0" encoding="UTF-8"?>
<!-- Generated by org.testng.reporters.JUnitReportReporter -->
<testsuite hostname="DESKTOP-1KAEUVT" failures="0" tests="1" name="com.DropDown.OsmaniaUniversity_DropDown" time="0.531" errors="0" timestamp="2023-10-03T16:13:07 IST" skipped="0">
  <testcase classname="com.DropDown.OsmaniaUniversity_DropDown" name="gettingDropDownLanguagesListNames" time="0.531"/>
  <system-out/>
</testsuite> <!-- com.DropDown.OsmaniaUniversity_DropDown -->
