<?xml version="1.0" encoding="UTF-8"?>
<!-- Generated by org.testng.reporters.JUnitReportReporter -->
<testsuite hostname="DESKTOP-1KAEUVT" failures="0" tests="1" name="com.Xpath.FacebookLogInTest" time="0.282" errors="0" timestamp="2023-11-13T17:58:36 IST" skipped="0">
  <testcase classname="com.Xpath.FacebookLogInTest" name="facebookLogInTest" time="0.282"/>
  <system-out/>
</testsuite> <!-- com.Xpath.FacebookLogInTest -->
