<?xml version="1.0" encoding="UTF-8"?>
<!-- Generated by org.testng.reporters.JUnitReportReporter -->
<testsuite hostname="DESKTOP-1KAEUVT" failures="0" tests="1" name="com.RadioButtons.RadioButtonsTesting" time="0.313" errors="0" timestamp="2023-10-03T16:21:38 IST" skipped="0">
  <testcase classname="com.RadioButtons.RadioButtonsTesting" name="group1RadioButtonsTesting" time="0.313"/>
  <system-out/>
</testsuite> <!-- com.RadioButtons.RadioButtonsTesting -->
