<?xml version="1.0" encoding="UTF-8"?>
<!-- Generated by org.testng.reporters.JUnitReportReporter -->
<testsuite hostname="DESKTOP-1KAEUVT" failures="0" tests="1" name="com.WebTable.BaseTest" time="2.819" errors="0" timestamp="2023-10-01T09:53:03 IST" skipped="0">
  <testcase classname="com.WebTable.BaseTest" name="applicationLaunch" time="2.819"/>
  <system-out/>
</testsuite> <!-- com.WebTable.BaseTest -->
