<?xml version="1.0" encoding="UTF-8"?>
<!-- Generated by org.testng.reporters.JUnitReportReporter -->
<testsuite hostname="DESKTOP-1KAEUVT" failures="0" tests="7" name="com.TestNG.Annotions1" time="0.018" errors="0" timestamp="2023-09-29T20:36:55 IST" skipped="1">
  <testcase classname="com.TestNG.Annotions1" name="GmailApplicationLaunch" time="0.006"/>
  <system-out/>
  <testcase classname="com.TestNG.Annotions1" name="GmailApplicationLoginTest" time="0.006"/>
  <system-out/>
  <testcase classname="com.TestNG.Annotions1" name="GmailApplicationInBoxTest" time="0.002"/>
  <system-out/>
  <testcase classname="com.TestNG.Annotions1" name="GmailApplicationComposeMailTest" time="0.001"/>
  <system-out/>
  <testcase classname="com.TestNG.Annotions1" name="GmailApplicationSentMailTest" time="0.001"/>
  <system-out/>
  <testcase classname="com.TestNG.Annotions1" name="GmailApplicationClose" time="0.002"/>
  <system-out/>
  <testcase classname="com.TestNG.Annotions1" name="GmailApplicationDraftsTest">
    <skipped/>
  </testcase> <!-- GmailApplicationDraftsTest -->
  <system-out/>
</testsuite> <!-- com.TestNG.Annotions1 -->
