<?xml version="1.0" encoding="UTF-8"?>
<!-- Generated by org.testng.reporters.JUnitReportReporter -->
<testsuite hostname="DESKTOP-1KAEUVT" failures="0" tests="1" name="com.Xpath.RediffMail_Registration" time="0.113" errors="0" timestamp="2023-11-13T22:53:40 IST" skipped="0">
  <testcase classname="com.Xpath.RediffMail_Registration" name="customerServiceTest" time="0.113"/>
  <system-out/>
</testsuite> <!-- com.Xpath.RediffMail_Registration -->
