<?xml version="1.0" encoding="UTF-8"?>
<!-- Generated by org.testng.reporters.JUnitReportReporter -->
<testsuite hostname="DESKTOP-1KAEUVT" failures="0" tests="5" name="com.TestNG.Annotations3" time="0.018" errors="0" timestamp="2023-09-30T18:20:38 IST" skipped="1">
  <testcase classname="com.TestNG.Annotations3" name="GmailApplicationLoginTest" time="0.005"/>
  <system-out/>
  <testcase classname="com.TestNG.Annotations3" name="GmailApplicationInBoxTest" time="0.009"/>
  <system-out/>
  <testcase classname="com.TestNG.Annotations3" name="GmailApplicationComposeMailTest" time="0.003"/>
  <system-out/>
  <testcase classname="com.TestNG.Annotations3" name="GmailApplicationSentMailTest" time="0.001"/>
  <system-out/>
  <testcase classname="com.TestNG.Annotations3" name="GmailApplicationDraftsTest">
    <skipped/>
  </testcase> <!-- GmailApplicationDraftsTest -->
  <system-out/>
</testsuite> <!-- com.TestNG.Annotations3 -->
