<?xml version="1.0" encoding="UTF-8"?>
<!-- Generated by org.testng.reporters.JUnitReportReporter -->
<testsuite hostname="DESKTOP-1KAEUVT" failures="0" tests="1" name="com.DropDown.DropDownTesting" time="1.323" errors="0" timestamp="2023-10-03T16:08:31 IST" skipped="0">
  <testcase classname="com.DropDown.DropDownTesting" name="gettingDropDownLanguagesListNames" time="1.323"/>
  <system-out/>
</testsuite> <!-- com.DropDown.DropDownTesting -->
