<?xml version="1.0" encoding="UTF-8"?>
<!-- Generated by org.testng.reporters.JUnitReportReporter -->
<testsuite hostname="DESKTOP-1KAEUVT" failures="0" tests="6" name="com.RadioButtonTest.RadioButtonPageTest" time="0.630" errors="0" timestamp="2023-12-06T11:38:00 IST" skipped="0">
  <testcase classname="com.RadioButtonTest.RadioButtonPageTest" name="validatingmilkRadiobutton" time="0.139"/>
  <system-out/>
  <testcase classname="com.RadioButtonTest.RadioButtonPageTest" name="validatingbutterRadiobutton" time="0.258"/>
  <system-out/>
  <testcase classname="com.RadioButtonTest.RadioButtonPageTest" name="validatingCheeseRadiobutton" time="0.057"/>
  <system-out/>
  <testcase classname="com.RadioButtonTest.RadioButtonPageTest" name="validatingWaterRadiobutton" time="0.065"/>
  <system-out/>
  <testcase classname="com.RadioButtonTest.RadioButtonPageTest" name="validatingBeerRadiobutton" time="0.057"/>
  <system-out/>
  <testcase classname="com.RadioButtonTest.RadioButtonPageTest" name="validatingWineRadiobutton" time="0.054"/>
  <system-out/>
</testsuite> <!-- com.RadioButtonTest.RadioButtonPageTest -->
